\BOOKMARK [0][-]{chapter*.2}{Acknowledgements}{}% 1
\BOOKMARK [0][-]{chapter*.3}{Preface}{}% 2
\BOOKMARK [0][-]{chapter.1}{Causal\040units}{}% 3
\BOOKMARK [1][-]{section.1.1}{How\040we\040represent\040language\040change}{chapter.1}% 4
\BOOKMARK [1][-]{section.1.2}{Linguistic\040systems}{chapter.1}% 5
\BOOKMARK [1][-]{section.1.3}{Linguistic\040items}{chapter.1}% 6
\BOOKMARK [1][-]{section.1.4}{Thinking\040causally\040about\040language\040change}{chapter.1}% 7
\BOOKMARK [1][-]{section.1.5}{The\040problem\040with\040tree\040diagrams}{chapter.1}% 8
\BOOKMARK [0][-]{chapter.2}{Causal\040frames}{}% 9
\BOOKMARK [1][-]{section.2.1}{Distinct\040frames\040and\040forces}{chapter.2}% 10
\BOOKMARK [1][-]{section.2.2}{MOPEDS:\040A\040basic-level\040set\040of\040causal\040frames}{chapter.2}% 11
\BOOKMARK [2][-]{subsection.2.2.1}{Microgenetic\040\(action\040processing\)}{section.2.2}% 12
\BOOKMARK [2][-]{subsection.2.2.2}{Ontogenetic\040\(biography\)}{section.2.2}% 13
\BOOKMARK [2][-]{subsection.2.2.3}{Phylogenetic\040\(biological\040evolution\)}{section.2.2}% 14
\BOOKMARK [2][-]{subsection.2.2.4}{Enchronic\040\(social\040interactional\)}{section.2.2}% 15
\BOOKMARK [2][-]{subsection.2.2.5}{Diachronic\040\(social/cultural\040history\)}{section.2.2}% 16
\BOOKMARK [2][-]{subsection.2.2.6}{Synchronic\040\(representation\040of\040relations\)}{section.2.2}% 17
\BOOKMARK [1][-]{section.2.3}{Interrelatedness\040of\040the\040frames}{chapter.2}% 18
\BOOKMARK [1][-]{section.2.4}{The\040case\040of\040Zipf's\040length-frequency\040rule}{chapter.2}% 19
\BOOKMARK [0][-]{chapter.3}{Transmission\040biases}{}% 20
\BOOKMARK [1][-]{section.3.1}{Cultural\040epidemiology}{chapter.3}% 21
\BOOKMARK [1][-]{section.3.2}{Biased\040transmission}{chapter.3}% 22
\BOOKMARK [1][-]{section.3.3}{Some\040known\040biases}{chapter.3}% 23
\BOOKMARK [1][-]{section.3.4}{A\040scheme\040for\040grounding\040the\040biases}{chapter.3}% 24
\BOOKMARK [2][-]{subsection.3.4.1}{Exposure}{section.3.4}% 25
\BOOKMARK [2][-]{subsection.3.4.2}{Representation}{section.3.4}% 26
\BOOKMARK [2][-]{subsection.3.4.3}{Reproduction}{section.3.4}% 27
\BOOKMARK [2][-]{subsection.3.4.4}{Material}{section.3.4}% 28
\BOOKMARK [2][-]{subsection.3.4.5}{Networks}{section.3.4}% 29
\BOOKMARK [1][-]{section.3.5}{Causal\040anatomy\040of\040transmission}{chapter.3}% 30
\BOOKMARK [0][-]{chapter.4}{The\040Item/System\040Problem}{}% 31
\BOOKMARK [1][-]{section.4.1}{A\040transmission\040criterion}{chapter.4}% 32
\BOOKMARK [1][-]{section.4.2}{Defining\040properties\040of\040systems}{chapter.4}% 33
\BOOKMARK [1][-]{section.4.3}{Relations\040between\040relations}{chapter.4}% 34
\BOOKMARK [1][-]{section.4.4}{More\040complex\040systems}{chapter.4}% 35
\BOOKMARK [1][-]{section.4.5}{Are\040cultural\040totalities\040illusory?}{chapter.4}% 36
\BOOKMARK [0][-]{chapter.5}{The\040Micro/Macro\040Solution}{}% 37
\BOOKMARK [1][-]{section.5.1}{The\040combinatoric\040nature\040of\040cultural\040items\040in\040general}{chapter.5}% 38
\BOOKMARK [1][-]{section.5.2}{Solving\040the\040item/system\040problem\040in\040language}{chapter.5}% 39
\BOOKMARK [1][-]{section.5.3}{Centripetal\040and\040systematizing\040forces}{chapter.5}% 40
\BOOKMARK [1][-]{section.5.4}{On\040normal\040transmission}{chapter.5}% 41
\BOOKMARK [2][-]{subsection.5.4.1}{Sociometric\040closure}{section.5.4}% 42
\BOOKMARK [2][-]{subsection.5.4.2}{Trade-off\040effects}{section.5.4}% 43
\BOOKMARK [2][-]{subsection.5.4.3}{Item-utterance\040fit,\040aka\040content-frame\040fit}{section.5.4}% 44
\BOOKMARK [1][-]{section.5.5}{A\040solution\040to\040the\040item/system\040problem?}{chapter.5}% 45
\BOOKMARK [0][-]{chapter.6}{Conclusion}{}% 46
\BOOKMARK [1][-]{section.6.1}{Natural\040causes\040of\040language}{chapter.6}% 47
\BOOKMARK [1][-]{section.6.2}{Toward\040a\040framework}{chapter.6}% 48
\BOOKMARK [0][-]{chapter*.4}{Bibliography}{}% 49
\BOOKMARK [0][-]{chapter*.4}{Index}{}% 50
\BOOKMARK [1][-]{section*.5}{Name\040index}{chapter*.4}% 51
